2023-04-15 08:15:09.2211 INFO Пришел запрос id = id_запроса на получение суммы 1 и 2
2023-04-15 08:15:09.2661 INFO Отправлен запрос id = 777 на поиск 1
2023-04-15 08:15:09.2661 INFO Запрос id = 777 успешно выполнен
2023-04-15 08:15:09.2661 DEBUG IntNumber 1 создано.
2023-04-15 08:15:09.2661 INFO Отправлен запрос id = 777 на поиск 2
2023-04-15 08:15:09.2661 INFO Запрос id = 777 успешно выполнен
2023-04-15 08:15:09.2661 DEBUG IntNumber 2 создано.
2023-04-15 08:15:09.2661 DEBUG IntNumber 3 создано.
2023-04-15 08:15:09.2661 INFO Суммирование LoggerExample.Models.IntNumber и LoggerExample.Models.IntNumber прошло успешно
2023-04-15 08:15:09.2661 INFO Пришел запрос id = id_запроса на получение результата деления 3 и 2
2023-04-15 08:15:09.2661 INFO Отправлен запрос id = 888 на поиск 3
2023-04-15 08:15:09.2661 INFO Запрос id = 888 успешно выполнен
2023-04-15 08:15:09.2661 DEBUG DoubleNumber 3 создано.
2023-04-15 08:15:09.2661 INFO Отправлен запрос id = 888 на поиск 2
2023-04-15 08:15:09.2661 INFO Запрос id = 888 успешно выполнен
2023-04-15 08:15:09.2661 DEBUG DoubleNumber 2 создано.
2023-04-15 08:15:09.2661 DEBUG DoubleNumber 1,5 создано.
2023-04-15 08:15:09.2661 INFO Пришел запрос id = id_запроса на получение результата деления 3 и 0
2023-04-15 08:15:09.2661 INFO Отправлен запрос id = 888 на поиск 3
2023-04-15 08:15:09.2661 INFO Запрос id = 888 успешно выполнен
2023-04-15 08:15:09.2661 DEBUG DoubleNumber 3 создано.
2023-04-15 08:15:09.2661 INFO Отправлен запрос id = 888 на поиск 0
2023-04-15 08:15:09.2661 INFO Запрос id = 888 успешно выполнен
2023-04-15 08:15:09.2661 DEBUG DoubleNumber 0 создано.
2023-04-15 08:15:09.3136 ERROR System.DivideByZeroException: деление на ноль
2023-04-15 08:16:12.4896 INFO Пришел запрос id = id_запроса на получение суммы 1 и 2
2023-04-15 08:16:12.5502 INFO Отправлен запрос id = 777 на поиск 1
2023-04-15 08:16:12.5502 INFO Запрос id = 777 успешно выполнен
2023-04-15 08:16:12.5502 DEBUG IntNumber 1 создано.
2023-04-15 08:16:12.5502 INFO Отправлен запрос id = 777 на поиск 2
2023-04-15 08:16:12.5502 INFO Запрос id = 777 успешно выполнен
2023-04-15 08:16:12.5502 DEBUG IntNumber 2 создано.
2023-04-15 08:16:12.5632 DEBUG IntNumber 3 создано.
2023-04-15 08:16:12.5632 INFO Суммирование LoggerExample.Models.IntNumber и LoggerExample.Models.IntNumber прошло успешно
2023-04-15 08:16:12.5632 INFO Пришел запрос id = id_запроса на получение результата деления 3 и 2
2023-04-15 08:16:12.5632 INFO Отправлен запрос id = 888 на поиск 3
2023-04-15 08:16:12.5632 INFO Запрос id = 888 успешно выполнен
2023-04-15 08:16:12.5632 DEBUG DoubleNumber 3 создано.
2023-04-15 08:16:12.5632 INFO Отправлен запрос id = 888 на поиск 2
2023-04-15 08:16:12.5632 INFO Запрос id = 888 успешно выполнен
2023-04-15 08:16:12.5632 DEBUG DoubleNumber 2 создано.
2023-04-15 08:16:12.5632 DEBUG DoubleNumber 1,5 создано.
2023-04-15 08:16:12.5632 INFO Пришел запрос id = id_запроса на получение результата деления 3 и 0
2023-04-15 08:16:12.5632 INFO Отправлен запрос id = 888 на поиск 3
2023-04-15 08:16:12.5632 INFO Запрос id = 888 успешно выполнен
2023-04-15 08:16:12.5632 DEBUG DoubleNumber 3 создано.
2023-04-15 08:16:12.5632 INFO Отправлен запрос id = 888 на поиск 0
2023-04-15 08:16:12.5632 INFO Запрос id = 888 успешно выполнен
2023-04-15 08:16:12.5632 DEBUG DoubleNumber 0 создано.
2023-04-15 08:16:12.6087 ERROR System.DivideByZeroException: деление на ноль
2023-04-15 08:17:16.7176 INFO Пришел запрос id = id_запроса на получение суммы 1 и 2
2023-04-15 08:17:16.7773 INFO Отправлен запрос id = 777 на поиск 1
2023-04-15 08:17:16.7773 INFO Запрос id = 777 успешно выполнен
2023-04-15 08:17:16.7773 DEBUG IntNumber 1 создано.
2023-04-15 08:17:16.7895 INFO Отправлен запрос id = 777 на поиск 2
2023-04-15 08:17:16.7895 INFO Запрос id = 777 успешно выполнен
2023-04-15 08:17:16.7895 DEBUG IntNumber 2 создано.
2023-04-15 08:17:16.7895 DEBUG IntNumber 3 создано.
2023-04-15 08:17:16.7895 INFO Суммирование LoggerExample.Models.IntNumber и LoggerExample.Models.IntNumber прошло успешно
2023-04-15 08:17:16.7895 INFO Пришел запрос id = id_запроса на получение результата деления 3 и 2
2023-04-15 08:17:16.7895 INFO Отправлен запрос id = 888 на поиск 3
2023-04-15 08:17:16.7895 INFO Запрос id = 888 успешно выполнен
2023-04-15 08:17:16.7895 DEBUG DoubleNumber 3 создано.
2023-04-15 08:17:16.7895 INFO Отправлен запрос id = 888 на поиск 2
2023-04-15 08:17:16.7895 INFO Запрос id = 888 успешно выполнен
2023-04-15 08:17:16.7895 DEBUG DoubleNumber 2 создано.
2023-04-15 08:17:16.7895 DEBUG DoubleNumber 1,5 создано.
2023-04-15 08:17:16.7895 INFO Пришел запрос id = id_запроса на получение результата деления 3 и 0
2023-04-15 08:17:16.7895 INFO Отправлен запрос id = 888 на поиск 3
2023-04-15 08:17:16.7895 INFO Запрос id = 888 успешно выполнен
2023-04-15 08:17:16.7895 DEBUG DoubleNumber 3 создано.
2023-04-15 08:17:16.7895 INFO Отправлен запрос id = 888 на поиск 0
2023-04-15 08:17:16.7895 INFO Запрос id = 888 успешно выполнен
2023-04-15 08:17:16.7895 DEBUG DoubleNumber 0 создано.
2023-04-15 08:17:16.8309 ERROR System.DivideByZeroException: деление на ноль
2023-04-15 08:17:16.8664 DEBUG DoubleNumber ∞ создано.
2023-04-15 08:19:29.5155 INFO Пришел запрос id = id_запроса на получение суммы 1 и 2
2023-04-15 08:19:29.5764 INFO Отправлен запрос id = 777 на поиск 1
2023-04-15 08:19:29.5764 INFO Запрос id = 777 успешно выполнен
2023-04-15 08:19:29.5764 DEBUG IntNumber 1 создано.
2023-04-15 08:19:29.5856 INFO Отправлен запрос id = 777 на поиск 2
2023-04-15 08:19:29.5856 INFO Запрос id = 777 успешно выполнен
2023-04-15 08:19:29.5856 DEBUG IntNumber 2 создано.
2023-04-15 08:19:29.5856 DEBUG IntNumber 3 создано.
2023-04-15 08:19:29.5856 INFO Суммирование LoggerExample.Models.IntNumber и LoggerExample.Models.IntNumber прошло успешно
2023-04-15 08:19:29.5856 INFO Пришел запрос id = id_запроса на получение результата деления 3 и 2
2023-04-15 08:19:29.5856 INFO Отправлен запрос id = 888 на поиск 3
2023-04-15 08:19:29.5856 INFO Запрос id = 888 успешно выполнен
2023-04-15 08:19:29.5856 DEBUG DoubleNumber 3 создано.
2023-04-15 08:19:29.5856 INFO Отправлен запрос id = 888 на поиск 2
2023-04-15 08:19:29.5856 INFO Запрос id = 888 успешно выполнен
2023-04-15 08:19:29.5856 DEBUG DoubleNumber 2 создано.
2023-04-15 08:19:29.5856 DEBUG DoubleNumber 1,5 создано.
2023-04-15 08:19:29.5856 INFO Пришел запрос id = id_запроса на получение результата деления 3 и 0
2023-04-15 08:19:29.5856 INFO Отправлен запрос id = 888 на поиск 3
2023-04-15 08:19:29.5856 INFO Запрос id = 888 успешно выполнен
2023-04-15 08:19:29.5856 DEBUG DoubleNumber 3 создано.
2023-04-15 08:19:29.5856 INFO Отправлен запрос id = 888 на поиск 0
2023-04-15 08:19:29.5856 INFO Запрос id = 888 успешно выполнен
2023-04-15 08:19:29.5856 DEBUG DoubleNumber 0 создано.
2023-04-15 08:19:29.6274 ERROR System.DivideByZeroException: деление на ноль
2023-04-15 08:19:29.6583 DEBUG DoubleNumber ∞ создано.
